DEBUG:root:This is a debug log
INFO:root:This is a info log.
WARNING:root:This is a warning log.
ERROR:root:This is a error log.
CRITICAL:root:This is a critical log.
DEBUG:root:This is a debug log.
INFO:root:This is a info log.
WARNING:root:This is a warning log.
ERROR:root:This is a error log.
CRITICAL:root:This is a critical log.
2019-03-12 17:23:57,100=====DEBUG++++++This is a debug log
2019-03-12 17:23:57,101=====INFO++++++This is a info log.
2019-03-12 17:23:57,101=====WARNING++++++This is a warning log.
2019-03-12 17:23:57,101=====ERROR++++++This is a error log.
2019-03-12 17:23:57,101=====CRITICAL++++++This is a critical log.
2019-03-12 17:23:57,101=====DEBUG++++++This is a debug log.
2019-03-12 17:23:57,102=====INFO++++++This is a info log.
2019-03-12 17:23:57,102=====WARNING++++++This is a warning log.
2019-03-12 17:23:57,102=====ERROR++++++This is a error log.
2019-03-12 17:23:57,102=====CRITICAL++++++This is a critical log.
